2024.11.23 13:26:57 INFO  Started: Metals version 1.4.1 in folders 'H:\Desktop\Scala\twitter_project' for client Visual Studio Code 1.95.3.
2024.11.23 13:26:58 WARN  Flyway upgrade recommended: H2 2.3.232 is newer than this version of Flyway and support has not been tested. The latest supported version of H2 is 2.2.224.
2024.11.23 13:26:58 INFO  no build target found for H:\Desktop\Scala\twitter_project\src\main\scala\Main.scala. Using presentation compiler with project's scala-library version: 3.3.4
2024.11.23 13:27:02 INFO  no build target found for H:\Desktop\Scala\twitter_project\src\main\scala\Main.scala. Using presentation compiler with project's scala-library version: 3.3.4
2024.11.23 13:27:06 INFO  running 'C:\Users\CYTech Student\AppData\Local\Coursier\cache\arc\https\github.com\adoptium\temurin17-binaries\releases\download\jdk-17%252B35\OpenJDK17-jdk_x64_windows_hotspot_17_35.zip\jdk-17+35\bin\java.exe -Djline.terminal=jline.UnsupportedTerminal -Dsbt.log.noformat=true -Dfile.encoding=UTF-8 -jar C:\Users\CYTECH~1\AppData\Local\Temp\metals1938089017066997714\sbt-launch.jar -Dbloop.export-jar-classifiers=sources bloopInstall'
2024.11.23 13:27:12 INFO  no build target found for H:\Desktop\Scala\twitter_project\src\main\scala\Main.scala. Using presentation compiler with project's scala-library version: 3.3.4
2024.11.23 13:27:12 INFO  no build target found for H:\Desktop\Scala\twitter_project\src\main\scala\Main.scala. Using presentation compiler with project's scala-library version: 3.3.4
2024.11.23 13:27:12 INFO  no build target found for H:\Desktop\Scala\twitter_project\src\main\scala\Main.scala. Using presentation compiler with project's scala-library version: 3.3.4
2024.11.23 13:27:12 INFO  no build target found for H:\Desktop\Scala\twitter_project\src\main\scala\Main.scala. Using presentation compiler with project's scala-library version: 3.3.4
2024.11.23 13:27:12 INFO  no build target found for H:\Desktop\Scala\twitter_project\src\main\scala\Main.scala. Using presentation compiler with project's scala-library version: 3.3.4
2024.11.23 13:27:14 INFO  no build target found for H:\Desktop\Scala\twitter_project\src\main\scala\Main.scala. Using presentation compiler with project's scala-library version: 3.3.4
2024.11.23 13:27:14 INFO  no build target found for H:\Desktop\Scala\twitter_project\src\main\scala\Main.scala. Using presentation compiler with project's scala-library version: 3.3.4
2024.11.23 13:27:14 INFO  no build target found for H:\Desktop\Scala\twitter_project\src\main\scala\Main.scala. Using presentation compiler with project's scala-library version: 3.3.4
2024.11.23 13:27:15 INFO  [info] welcome to sbt 1.10.5 (Eclipse Adoptium Java 17)
2024.11.23 13:27:18 INFO  [info] loading settings for project twitter_project-build-build from metals.sbt ...
2024.11.23 13:27:18 INFO  [info] loading project definition from H:\Desktop\Scala\twitter_project\project\project
2024.11.23 13:27:24 INFO  [info] loading settings for project twitter_project-build from metals.sbt ...
2024.11.23 13:27:24 INFO  [info] loading project definition from H:\Desktop\Scala\twitter_project\project
2024.11.23 13:27:34 INFO  [success] Generated .bloop\twitter_project-build.json
2024.11.23 13:27:34 INFO  [success] Total time: 10 s, completed Nov 23, 2024, 1:27:35 PM
2024.11.23 13:27:37 INFO  [info] loading settings for project twitter_project from build.sbt ...
2024.11.23 13:27:37 INFO  [info] set current project to hello-world (in build file:/H:/Desktop/Scala/twitter_project/)
2024.11.23 13:27:38 INFO  [success] Generated .bloop\twitter_project-test.json
2024.11.23 13:27:38 INFO  [success] Generated .bloop\twitter_project.json
2024.11.23 13:27:38 INFO  [success] Total time: 1 s, completed Nov 23, 2024, 1:27:38 PM
2024.11.23 13:27:38 INFO  time: ran 'sbt bloopInstall' in 32s
2024.11.23 13:27:38 INFO  Attempting to connect to the build server...
2024.11.23 13:27:38 INFO  Found a Bloop server running
2024.11.23 13:27:38 INFO  tracing is disabled for protocol BSP, to enable tracing of incoming and outgoing JSON messages create an empty file at H:\Desktop\Scala\twitter_project\.metals\bsp.trace.json or C:\Users\CYTech Student\AppData\Local\scalameta\metals\cache\bsp.trace.json
2024.11.23 13:27:39 INFO  Attempting to connect to the build server...
2024.11.23 13:27:39 INFO  Found a Bloop server running
2024.11.23 13:27:40 INFO  tracing is disabled for protocol BSP, to enable tracing of incoming and outgoing JSON messages create an empty file at H:\Desktop\Scala\twitter_project\project\.metals\bsp.trace.json or C:\Users\CYTech Student\AppData\Local\scalameta\metals\cache\bsp.trace.json
2024.11.23 13:27:40 INFO  time: Connected to build server in 1.43s
2024.11.23 13:27:40 INFO  Connected to Build server: Bloop v2.0.5
2024.11.23 13:27:40 INFO  time: Imported build in 0.13s
2024.11.23 13:27:40 INFO  running doctor check
2024.11.23 13:27:40 INFO  java targets: twitter_project-build, twitter_project, twitter_project-test
2024.11.23 13:27:44 WARN  Flyway upgrade recommended: H2 2.3.232 is newer than this version of Flyway and support has not been tested. The latest supported version of H2 is 2.2.224.
2024.11.23 13:28:03 INFO  time: indexed workspace in 23s
2024.11.23 13:28:04 INFO  compiling twitter_project (1 scala source)
2024.11.23 13:28:10 INFO  time: compiled twitter_project in 6.23s
2024.11.23 13:32:34 INFO  time: code lens generation in 1.77s
2024.11.23 13:32:34 INFO  time: code lens generation in 3.26s
Nov 23, 2024 1:33:36 PM org.eclipse.lsp4j.jsonrpc.RemoteEndpoint handleCancellation
WARNING: Unmatched cancel notification for request id 326
Nov 23, 2024 1:33:36 PM org.eclipse.lsp4j.jsonrpc.RemoteEndpoint handleCancellation
WARNING: Unmatched cancel notification for request id 336
2024.11.23 13:36:36 INFO  skipping build import with status 'Dismissed'
2024.11.23 13:38:03 INFO  compiling twitter_project (1 scala source)
2024.11.23 13:38:03 INFO  time: compiled twitter_project in 0.74s
2024.11.23 13:38:15 INFO  compiling twitter_project (1 scala source)
2024.11.23 13:38:15 INFO  time: compiled twitter_project in 0.71s
2024.11.23 13:40:14 INFO  running 'C:\Users\CYTech Student\AppData\Local\Coursier\cache\arc\https\github.com\adoptium\temurin17-binaries\releases\download\jdk-17%252B35\OpenJDK17-jdk_x64_windows_hotspot_17_35.zip\jdk-17+35\bin\java.exe -Djline.terminal=jline.UnsupportedTerminal -Dsbt.log.noformat=true -Dfile.encoding=UTF-8 -jar C:\Users\CYTECH~1\AppData\Local\Temp\metals16712369810029703243\sbt-launch.jar -Dbloop.export-jar-classifiers=sources bloopInstall'
2024.11.23 13:40:16 INFO  [info] welcome to sbt 1.10.5 (Eclipse Adoptium Java 17)
2024.11.23 13:40:16 INFO  [info] loading settings for project twitter_project-build-build from metals.sbt ...
2024.11.23 13:40:18 INFO  [info] loading project definition from H:\Desktop\Scala\twitter_project\project\project
2024.11.23 13:40:19 INFO  [info] loading settings for project twitter_project-build from metals.sbt ...
2024.11.23 13:40:19 INFO  [info] loading project definition from H:\Desktop\Scala\twitter_project\project
2024.11.23 13:40:23 INFO  [success] Generated .bloop\twitter_project-build.json
2024.11.23 13:40:23 INFO  [success] Total time: 4 s, completed Nov 23, 2024, 1:40:24 PM
2024.11.23 13:40:28 INFO  [info] loading settings for project twitter_project from build.sbt ...
2024.11.23 13:40:28 INFO  [info] set current project to Twitter-Project (in build file:/H:/Desktop/Scala/twitter_project/)
2024.11.23 13:40:36 INFO  [success] Generated .bloop\twitter_project-test.json
2024.11.23 13:40:36 INFO  [success] Generated .bloop\twitter_project.json
2024.11.23 13:40:36 INFO  [success] Total time: 8 s, completed Nov 23, 2024, 1:40:36 PM
2024.11.23 13:40:36 INFO  time: ran 'sbt bloopInstall' in 22s
2024.11.23 13:40:36 INFO  Disconnecting from Bloop session...
2024.11.23 13:40:36 INFO  Shut down connection with build server.
2024.11.23 13:40:36 INFO  Shut down connection with build server.
2024.11.23 13:40:36 INFO  Attempting to connect to the build server...
2024.11.23 13:40:36 INFO  Found a Bloop server running
2024.11.23 13:40:37 INFO  tracing is disabled for protocol BSP, to enable tracing of incoming and outgoing JSON messages create an empty file at H:\Desktop\Scala\twitter_project\.metals\bsp.trace.json or C:\Users\CYTech Student\AppData\Local\scalameta\metals\cache\bsp.trace.json
2024.11.23 13:40:37 INFO  Attempting to connect to the build server...
2024.11.23 13:40:37 INFO  Found a Bloop server running
2024.11.23 13:40:37 INFO  tracing is disabled for protocol BSP, to enable tracing of incoming and outgoing JSON messages create an empty file at H:\Desktop\Scala\twitter_project\project\.metals\bsp.trace.json or C:\Users\CYTech Student\AppData\Local\scalameta\metals\cache\bsp.trace.json
2024.11.23 13:40:37 INFO  time: Connected to build server in 1.57s
2024.11.23 13:40:37 INFO  Connected to Build server: Bloop v2.0.5
2024.11.23 13:40:37 INFO  time: Imported build in 0.22s
2024.11.23 13:40:37 INFO  running doctor check
2024.11.23 13:40:37 INFO  java targets: twitter_project-build, twitter_project, twitter_project-test
2024.11.23 13:41:10 INFO  time: indexed workspace in 31s
2024.11.23 13:41:10 INFO  compiling twitter_project (1 scala source)
2024.11.23 13:41:14 WARN  1 deprecation (since 2.13.0)
2024.11.23 13:41:14 WARN  1 deprecation (since 2.13.3)
2024.11.23 13:41:14 WARN  1 deprecation (since Spark 3.4.0)
2024.11.23 13:41:14 WARN  3 deprecations in total; re-run with -deprecation for details
2024.11.23 13:41:14 INFO  time: compiled twitter_project in 4.26s
2024.11.23 13:45:37 INFO  running 'C:\Users\CYTech Student\AppData\Local\Coursier\cache\arc\https\github.com\adoptium\temurin17-binaries\releases\download\jdk-17%252B35\OpenJDK17-jdk_x64_windows_hotspot_17_35.zip\jdk-17+35\bin\java.exe -Djline.terminal=jline.UnsupportedTerminal -Dsbt.log.noformat=true -Dfile.encoding=UTF-8 -jar C:\Users\CYTECH~1\AppData\Local\Temp\metals11547469097590104803\sbt-launch.jar -Dbloop.export-jar-classifiers=sources bloopInstall'
2024.11.23 13:45:38 INFO  [info] welcome to sbt 1.10.5 (Eclipse Adoptium Java 17)
2024.11.23 13:45:38 INFO  [info] loading settings for project twitter_project-build-build from metals.sbt ...
2024.11.23 13:45:39 INFO  [info] loading project definition from H:\Desktop\Scala\twitter_project\project\project
2024.11.23 13:45:39 INFO  [info] loading settings for project twitter_project-build from metals.sbt ...
2024.11.23 13:45:39 INFO  [info] loading project definition from H:\Desktop\Scala\twitter_project\project
2024.11.23 13:45:42 INFO  [success] Generated .bloop\twitter_project-build.json
2024.11.23 13:45:42 INFO  [success] Total time: 2 s, completed Nov 23, 2024, 1:45:42 PM
2024.11.23 13:45:44 INFO  [info] loading settings for project twitter_project from build.sbt ...
2024.11.23 13:45:44 INFO  [info] set current project to Twitter-Project (in build file:/H:/Desktop/Scala/twitter_project/)
2024.11.23 13:45:48 INFO  [success] Generated .bloop\twitter_project.json
2024.11.23 13:45:48 INFO  [success] Generated .bloop\twitter_project-test.json
2024.11.23 13:45:48 INFO  [success] Total time: 3 s, completed Nov 23, 2024, 1:45:48 PM
2024.11.23 13:45:48 INFO  time: ran 'sbt bloopInstall' in 11s
2024.11.23 13:45:48 INFO  Disconnecting from Bloop session...
2024.11.23 13:45:48 INFO  Shut down connection with build server.
2024.11.23 13:45:48 INFO  Shut down connection with build server.
2024.11.23 13:45:48 INFO  Attempting to connect to the build server...
2024.11.23 13:45:48 INFO  Found a Bloop server running
2024.11.23 13:45:49 INFO  tracing is disabled for protocol BSP, to enable tracing of incoming and outgoing JSON messages create an empty file at H:\Desktop\Scala\twitter_project\.metals\bsp.trace.json or C:\Users\CYTech Student\AppData\Local\scalameta\metals\cache\bsp.trace.json
2024.11.23 13:45:49 INFO  Attempting to connect to the build server...
2024.11.23 13:45:49 INFO  Found a Bloop server running
2024.11.23 13:45:49 INFO  tracing is disabled for protocol BSP, to enable tracing of incoming and outgoing JSON messages create an empty file at H:\Desktop\Scala\twitter_project\project\.metals\bsp.trace.json or C:\Users\CYTech Student\AppData\Local\scalameta\metals\cache\bsp.trace.json
2024.11.23 13:45:49 INFO  time: Connected to build server in 1.12s
2024.11.23 13:45:49 INFO  Connected to Build server: Bloop v2.0.5
2024.11.23 13:45:49 INFO  running doctor check
2024.11.23 13:45:49 INFO  java targets: twitter_project-build, twitter_project, twitter_project-test
2024.11.23 13:45:52 INFO  time: indexed workspace in 2.94s
2024.11.23 13:46:57 INFO  skipping build import with status 'Installed'
2024.11.23 13:46:57 INFO  Disconnecting from Bloop session...
2024.11.23 13:46:57 INFO  Cancelling compilation on Bloop server
2024.11.23 13:46:57 INFO  Shut down connection with build server.
2024.11.23 13:46:57 INFO  no build target found for H:\Desktop\Scala\twitter_project\build.sbt. Using presentation compiler with project's scala-library version: 2.13.12
2024.11.23 13:46:57 INFO  Shut down connection with build server.
2024.11.23 13:46:57 INFO  Attempting to connect to the build server...
2024.11.23 13:46:57 INFO  Found a Bloop server running
2024.11.23 13:46:58 INFO  no build target found for H:\Desktop\Scala\twitter_project\build.sbt. Using presentation compiler with project's scala-library version: 2.13.12
2024.11.23 13:46:57 INFO  tracing is disabled for protocol BSP, to enable tracing of incoming and outgoing JSON messages create an empty file at H:\Desktop\Scala\twitter_project\.metals\bsp.trace.json or C:\Users\CYTech Student\AppData\Local\scalameta\metals\cache\bsp.trace.json
2024.11.23 13:46:58 INFO  Attempting to connect to the build server...
2024.11.23 13:46:58 INFO  Found a Bloop server running
2024.11.23 13:46:57 INFO  tracing is disabled for protocol BSP, to enable tracing of incoming and outgoing JSON messages create an empty file at H:\Desktop\Scala\twitter_project\project\.metals\bsp.trace.json or C:\Users\CYTech Student\AppData\Local\scalameta\metals\cache\bsp.trace.json
2024.11.23 13:46:57 INFO  time: Connected to build server in 0.87s
2024.11.23 13:46:57 INFO  Connected to Build server: Bloop v2.0.5
2024.11.23 13:46:57 INFO  running doctor check
2024.11.23 13:46:57 INFO  java targets: twitter_project-build, twitter_project, twitter_project-test
2024.11.23 13:47:02 INFO  time: indexed workspace in 3.25s
2024.11.23 13:52:05 INFO  compiling twitter_project (1 scala source)
2024.11.23 13:52:07 WARN  1 deprecation (since 2.13.0)
2024.11.23 13:52:07 WARN  1 deprecation (since 2.13.3)
2024.11.23 13:52:07 WARN  1 deprecation (since Spark 3.4.0)
2024.11.23 13:52:07 WARN  3 deprecations in total; re-run with -deprecation for details
2024.11.23 13:52:07 INFO  time: compiled twitter_project in 1.89s
2024.11.23 14:20:04 INFO  Shutting down server
2024.11.23 14:20:04 INFO  shutting down Metals
2024.11.23 14:20:04 INFO  Shut down connection with build server.
2024.11.23 14:20:04 INFO  Shut down connection with build server.
2024.11.23 14:20:04 INFO  Exiting server
2024.11.23 14:20:20 INFO  Started: Metals version 1.4.1 in folders 'H:\Desktop\Scala\twitter_project' for client Visual Studio Code 1.95.3.
2024.11.23 14:20:20 WARN  Flyway upgrade recommended: H2 2.3.232 is newer than this version of Flyway and support has not been tested. The latest supported version of H2 is 2.2.224.
2024.11.23 14:20:21 INFO  no build target found for H:\Desktop\Scala\twitter_project\src\main\scala\Main.scala. Using presentation compiler with project's scala-library version: 3.3.4
2024.11.23 14:20:23 INFO  no build target found for H:\Desktop\Scala\twitter_project\src\main\scala\Main.scala. Using presentation compiler with project's scala-library version: 3.3.4
2024.11.23 14:20:23 INFO  Attempting to connect to the build server...
2024.11.23 14:20:23 INFO  Found a Bloop server running
2024.11.23 14:20:23 INFO  tracing is disabled for protocol BSP, to enable tracing of incoming and outgoing JSON messages create an empty file at H:\Desktop\Scala\twitter_project\.metals\bsp.trace.json or C:\Users\CYTech Student\AppData\Local\scalameta\metals\cache\bsp.trace.json
2024.11.23 14:20:24 INFO  Attempting to connect to the build server...
2024.11.23 14:20:24 INFO  Found a Bloop server running
2024.11.23 14:20:25 INFO  tracing is disabled for protocol BSP, to enable tracing of incoming and outgoing JSON messages create an empty file at H:\Desktop\Scala\twitter_project\project\.metals\bsp.trace.json or C:\Users\CYTech Student\AppData\Local\scalameta\metals\cache\bsp.trace.json
2024.11.23 14:20:25 INFO  time: Connected to build server in 1.87s
2024.11.23 14:20:25 INFO  Connected to Build server: Bloop v2.0.5
2024.11.23 14:20:25 INFO  time: Imported build in 0.33s
2024.11.23 14:20:25 INFO  running doctor check
2024.11.23 14:20:25 INFO  java targets: twitter_project-build, twitter_project, twitter_project-test
2024.11.23 14:20:30 WARN  Flyway upgrade recommended: H2 2.3.232 is newer than this version of Flyway and support has not been tested. The latest supported version of H2 is 2.2.224.
2024.11.23 14:20:34 INFO  time: indexed workspace in 8.83s
Nov 23, 2024 2:27:23 PM org.eclipse.lsp4j.jsonrpc.services.GenericEndpoint notify
INFO: Unsupported notification method: $/setTrace
Nov 23, 2024 2:35:40 PM org.eclipse.lsp4j.jsonrpc.services.GenericEndpoint notify
INFO: Unsupported notification method: $/setTrace
2024.11.23 14:48:23 INFO  compiling twitter_project (1 scala source)
2024.11.23 14:48:27 WARN  1 deprecation (since 2.13.0)
2024.11.23 14:48:27 WARN  1 deprecation (since 2.13.3)
2024.11.23 14:48:27 WARN  1 deprecation (since Spark 3.4.0)
2024.11.23 14:48:27 WARN  3 deprecations in total; re-run with -deprecation for details
2024.11.23 14:48:27 INFO  time: compiled twitter_project in 3.5s
2024.11.23 14:51:13 INFO  compiling twitter_project (1 scala source)
2024.11.23 14:51:16 WARN  1 deprecation (since 2.13.0)
2024.11.23 14:51:16 WARN  1 deprecation (since 2.13.3)
2024.11.23 14:51:16 WARN  1 deprecation (since Spark 3.4.0)
2024.11.23 14:51:16 WARN  3 deprecations in total; re-run with -deprecation for details
2024.11.23 14:51:16 INFO  time: compiled twitter_project in 2.78s
2024.11.23 14:58:53 INFO  compiling twitter_project (1 scala source)
2024.11.23 14:58:54 INFO  time: compiled twitter_project in 1.12s
2024.11.23 14:59:01 INFO  time: code lens generation in 3s
2024.11.23 14:59:11 INFO  skipping build import with status 'Installed'
2024.11.23 14:59:11 INFO  Disconnecting from Bloop session...
2024.11.23 14:59:11 INFO  Shut down connection with build server.
2024.11.23 14:59:11 INFO  Shut down connection with build server.
2024.11.23 14:59:11 INFO  Attempting to connect to the build server...
2024.11.23 14:59:11 INFO  Found a Bloop server running
2024.11.23 14:59:12 INFO  tracing is disabled for protocol BSP, to enable tracing of incoming and outgoing JSON messages create an empty file at H:\Desktop\Scala\twitter_project\.metals\bsp.trace.json or C:\Users\CYTech Student\AppData\Local\scalameta\metals\cache\bsp.trace.json
2024.11.23 14:59:12 INFO  Attempting to connect to the build server...
2024.11.23 14:59:12 INFO  Found a Bloop server running
2024.11.23 14:59:12 INFO  no build target found for H:\Desktop\Scala\twitter_project\build.sbt. Using presentation compiler with project's scala-library version: 2.13.12
2024.11.23 14:59:12 INFO  tracing is disabled for protocol BSP, to enable tracing of incoming and outgoing JSON messages create an empty file at H:\Desktop\Scala\twitter_project\project\.metals\bsp.trace.json or C:\Users\CYTech Student\AppData\Local\scalameta\metals\cache\bsp.trace.json
2024.11.23 14:59:13 INFO  time: Connected to build server in 1.55s
2024.11.23 14:59:13 INFO  Connected to Build server: Bloop v2.0.5
2024.11.23 14:59:13 INFO  time: Imported build in 0.17s
2024.11.23 14:59:13 INFO  no build target found for H:\Desktop\Scala\twitter_project\src\main\scala\Main.scala. Using presentation compiler with project's scala-library version: 2.13.12
2024.11.23 14:59:13 INFO  running doctor check
2024.11.23 14:59:13 INFO  java targets: twitter_project-build, twitter_project, twitter_project-test
2024.11.23 14:59:20 INFO  time: indexed workspace in 7.19s
2024.11.23 14:59:56 INFO  compiling twitter_project (1 scala source)
2024.11.23 14:59:56 INFO  time: compiled twitter_project in 0.88s
2024.11.23 15:00:17 INFO  compiling twitter_project (1 scala source)
2024.11.23 15:00:17 INFO  time: compiled twitter_project in 0.74s
2024.11.23 15:00:53 INFO  compiling twitter_project (1 scala source)
2024.11.23 15:00:53 INFO  time: compiled twitter_project in 0.79s
Nov 23, 2024 3:01:31 PM org.eclipse.lsp4j.jsonrpc.RemoteEndpoint handleCancellation
WARNING: Unmatched cancel notification for request id 340
2024.11.23 15:07:02 INFO  running 'C:\Users\CYTech Student\AppData\Local\Coursier\cache\arc\https\github.com\adoptium\temurin17-binaries\releases\download\jdk-17%252B35\OpenJDK17-jdk_x64_windows_hotspot_17_35.zip\jdk-17+35\bin\java.exe -Djline.terminal=jline.UnsupportedTerminal -Dsbt.log.noformat=true -Dfile.encoding=UTF-8 -jar C:\Users\CYTECH~1\AppData\Local\Temp\metals17725411688819425315\sbt-launch.jar -Dbloop.export-jar-classifiers=sources bloopInstall'
2024.11.23 15:07:04 INFO  [info] welcome to sbt 1.10.5 (Eclipse Adoptium Java 17)
2024.11.23 15:07:04 INFO  [info] loading settings for project twitter_project-build-build from metals.sbt ...
2024.11.23 15:07:06 INFO  [info] loading project definition from H:\Desktop\Scala\twitter_project\project\project
2024.11.23 15:07:07 INFO  [info] loading settings for project twitter_project-build from metals.sbt ...
2024.11.23 15:07:07 INFO  [info] loading project definition from H:\Desktop\Scala\twitter_project\project
2024.11.23 15:07:10 INFO  [success] Generated .bloop\twitter_project-build.json
2024.11.23 15:07:10 INFO  [success] Total time: 3 s, completed Nov 23, 2024, 3:07:10 PM
2024.11.23 15:07:13 INFO  [info] loading settings for project twitter_project from build.sbt ...
2024.11.23 15:07:13 INFO  [info] set current project to Twitter-Project (in build file:/H:/Desktop/Scala/twitter_project/)
2024.11.23 15:07:19 INFO  [success] Generated .bloop\twitter_project.json
2024.11.23 15:07:19 INFO  [success] Generated .bloop\twitter_project-test.json
2024.11.23 15:07:19 INFO  [success] Total time: 6 s, completed Nov 23, 2024, 3:07:19 PM
2024.11.23 15:07:19 INFO  time: ran 'sbt bloopInstall' in 17s
2024.11.23 15:07:19 INFO  Disconnecting from Bloop session...
2024.11.23 15:07:19 INFO  Shut down connection with build server.
2024.11.23 15:07:19 INFO  Shut down connection with build server.
2024.11.23 15:07:19 INFO  Attempting to connect to the build server...
2024.11.23 15:07:19 INFO  Found a Bloop server running
2024.11.23 15:07:20 INFO  tracing is disabled for protocol BSP, to enable tracing of incoming and outgoing JSON messages create an empty file at H:\Desktop\Scala\twitter_project\.metals\bsp.trace.json or C:\Users\CYTech Student\AppData\Local\scalameta\metals\cache\bsp.trace.json
2024.11.23 15:07:19 INFO  Attempting to connect to the build server...
2024.11.23 15:07:19 INFO  Found a Bloop server running
2024.11.23 15:07:21 INFO  tracing is disabled for protocol BSP, to enable tracing of incoming and outgoing JSON messages create an empty file at H:\Desktop\Scala\twitter_project\project\.metals\bsp.trace.json or C:\Users\CYTech Student\AppData\Local\scalameta\metals\cache\bsp.trace.json
2024.11.23 15:07:21 INFO  time: Connected to build server in 1.45s
2024.11.23 15:07:21 INFO  Connected to Build server: Bloop v2.0.5
2024.11.23 15:07:21 INFO  time: Imported build in 0.16s
2024.11.23 15:07:21 INFO  running doctor check
2024.11.23 15:07:21 INFO  java targets: twitter_project-build, twitter_project, twitter_project-test
2024.11.23 15:07:28 INFO  time: indexed workspace in 6.55s
2024.11.23 15:07:28 INFO  compiling twitter_project (1 scala source)
2024.11.23 15:07:34 INFO  time: compiled twitter_project in 5.81s
Nov 23, 2024 3:11:31 PM org.eclipse.lsp4j.jsonrpc.RemoteEndpoint handleCancellation
WARNING: Unmatched cancel notification for request id 457
2024.11.23 15:11:32 INFO  compiling twitter_project (1 scala source)
2024.11.23 15:11:33 INFO  time: compiled twitter_project in 1.64s
2024.11.23 15:11:34 WARN  Could not load snapshot text for H:\Desktop\Scala\twitter_project\src\main\scala\Main.scala
2024.11.23 15:11:37 WARN  Could not load snapshot text for H:\Desktop\Scala\twitter_project\src\main\scala\Main.scala
Nov 23, 2024 3:11:42 PM org.eclipse.lsp4j.jsonrpc.RemoteEndpoint handleCancellation
WARNING: Unmatched cancel notification for request id 496
2024.11.23 15:11:42 WARN  Could not load snapshot text for H:\Desktop\Scala\twitter_project\src\main\scala\Main.scala
2024.11.23 15:11:43 WARN  Could not load snapshot text for H:\Desktop\Scala\twitter_project\src\main\scala\Main.scala
2024.11.23 15:11:43 WARN  Could not load snapshot text for H:\Desktop\Scala\twitter_project\src\main\scala\Main.scala
2024.11.23 15:11:46 WARN  Could not load snapshot text for H:\Desktop\Scala\twitter_project\src\main\scala\Main.scala
2024.11.23 15:11:47 WARN  Could not load snapshot text for H:\Desktop\Scala\twitter_project\src\main\scala\Main.scala
2024.11.23 15:11:52 INFO  compiling twitter_project (1 scala source)
2024.11.23 15:11:52 INFO  time: compiled twitter_project in 0.88s
2024.11.23 15:12:03 WARN  Could not load snapshot text for H:\Desktop\Scala\twitter_project\src\main\scala\Main.scala
2024.11.23 15:12:10 WARN  Could not load snapshot text for H:\Desktop\Scala\twitter_project\src\main\scala\Main.scala
2024.11.23 15:12:10 WARN  Could not load snapshot text for H:\Desktop\Scala\twitter_project\src\main\scala\Main.scala
2024.11.23 15:12:13 WARN  Could not load snapshot text for H:\Desktop\Scala\twitter_project\src\main\scala\Main.scala
2024.11.23 15:12:14 INFO  compiling twitter_project (1 scala source)
2024.11.23 15:12:18 WARN  1 deprecation (since Spark 3.4.0); re-run with -deprecation for details
2024.11.23 15:12:18 INFO  time: compiled twitter_project in 4.93s
2024.11.23 15:30:31 INFO  Shutting down server
2024.11.23 15:30:31 INFO  shutting down Metals
2024.11.23 15:30:31 INFO  Shut down connection with build server.
2024.11.23 15:30:31 INFO  Shut down connection with build server.
2024.11.23 15:30:31 INFO  Exiting server
2024.11.23 16:31:51 INFO  Started: Metals version 1.4.1 in folders 'H:\Desktop\Scala\twitter_project' for client Visual Studio Code 1.95.3.
2024.11.23 16:31:54 WARN  Flyway upgrade recommended: H2 2.3.232 is newer than this version of Flyway and support has not been tested. The latest supported version of H2 is 2.2.224.
2024.11.23 16:31:54 INFO  no build target found for H:\Desktop\Scala\twitter_project\src\main\scala\Main.scala. Using presentation compiler with project's scala-library version: 3.3.4
2024.11.23 16:32:02 INFO  no build target found for H:\Desktop\Scala\twitter_project\src\main\scala\Main.scala. Using presentation compiler with project's scala-library version: 3.3.4
2024.11.23 16:32:02 INFO  Attempting to connect to the build server...
2024.11.23 16:32:02 INFO  No running Bloop server found, starting one.
2024.11.23 16:32:13 INFO  Starting compilation server
2024.11.23 16:32:27 INFO  tracing is disabled for protocol BSP, to enable tracing of incoming and outgoing JSON messages create an empty file at H:\Desktop\Scala\twitter_project\.metals\bsp.trace.json or C:\Users\CYTech Student\AppData\Local\scalameta\metals\cache\bsp.trace.json
2024.11.23 16:32:29 INFO  Attempting to connect to the build server...
2024.11.23 16:32:29 INFO  Found a Bloop server running
2024.11.23 16:32:30 INFO  tracing is disabled for protocol BSP, to enable tracing of incoming and outgoing JSON messages create an empty file at H:\Desktop\Scala\twitter_project\project\.metals\bsp.trace.json or C:\Users\CYTech Student\AppData\Local\scalameta\metals\cache\bsp.trace.json
2024.11.23 16:32:30 INFO  time: Connected to build server in 27s
2024.11.23 16:32:30 INFO  Connected to Build server: Bloop v2.0.5
2024.11.23 16:32:31 INFO  time: Imported build in 0.86s
2024.11.23 16:32:31 INFO  running doctor check
2024.11.23 16:32:31 INFO  java targets: twitter_project-build, twitter_project, twitter_project-test
2024.11.23 16:33:03 WARN  Flyway upgrade recommended: H2 2.3.232 is newer than this version of Flyway and support has not been tested. The latest supported version of H2 is 2.2.224.
2024.11.23 16:33:43 INFO  time: indexed workspace in 1m11s
2024.11.23 17:01:31 INFO  time: code lens generation in 1.1s
2024.11.23 17:01:31 INFO  time: code lens generation in 1.1s
2024.11.23 17:01:31 INFO  time: code lens generation in 1.1s
Nov 23, 2024 5:02:12 PM org.eclipse.lsp4j.jsonrpc.RemoteEndpoint handleCancellation
WARNING: Unmatched cancel notification for request id 16
2024.11.23 17:02:16 INFO  time: code lens generation in 3.67s
Nov 23, 2024 5:17:05 PM org.eclipse.lsp4j.jsonrpc.services.GenericEndpoint notify
INFO: Unsupported notification method: $/setTrace
2024.11.23 17:17:28 INFO  compiling twitter_project (1 scala source)
2024.11.23 17:17:35 WARN  1 deprecation (since 2.13.0)
2024.11.23 17:17:35 WARN  1 deprecation (since 2.13.3)
2024.11.23 17:17:35 WARN  1 deprecation (since Spark 3.4.0)
2024.11.23 17:17:35 WARN  3 deprecations in total; re-run with -deprecation for details
2024.11.23 17:17:35 INFO  time: compiled twitter_project in 8.08s
2024.11.23 17:18:36 INFO  running 'C:\Users\CYTech Student\AppData\Local\Coursier\cache\arc\https\github.com\adoptium\temurin17-binaries\releases\download\jdk-17%252B35\OpenJDK17-jdk_x64_windows_hotspot_17_35.zip\jdk-17+35\bin\java.exe -Djline.terminal=jline.UnsupportedTerminal -Dsbt.log.noformat=true -Dfile.encoding=UTF-8 -jar C:\Users\CYTECH~1\AppData\Local\Temp\metals9633460039487628021\sbt-launch.jar -Dbloop.export-jar-classifiers=sources bloopInstall'
2024.11.23 17:18:49 INFO  [info] welcome to sbt 1.10.5 (Eclipse Adoptium Java 17)
2024.11.23 17:18:51 INFO  [info] loading settings for project twitter_project-build-build from metals.sbt ...
2024.11.23 17:18:52 INFO  [info] loading project definition from H:\Desktop\Scala\twitter_project\project\project
2024.11.23 17:18:55 INFO  [info] loading settings for project twitter_project-build from metals.sbt ...
2024.11.23 17:18:55 INFO  [info] loading project definition from H:\Desktop\Scala\twitter_project\project
2024.11.23 17:19:03 INFO  [success] Generated .bloop\twitter_project-build.json
2024.11.23 17:19:03 INFO  [success] Total time: 8 s, completed Nov 23, 2024, 5:19:04 PM
2024.11.23 17:19:09 INFO  [info] loading settings for project twitter_project from build.sbt ...
2024.11.23 17:19:09 INFO  [info] set current project to Twitter-Project (in build file:/H:/Desktop/Scala/twitter_project/)
2024.11.23 17:19:30 INFO  [success] Generated .bloop\twitter_project-test.json
2024.11.23 17:19:30 INFO  [success] Generated .bloop\twitter_project.json
2024.11.23 17:19:30 INFO  [success] Total time: 20 s, completed Nov 23, 2024, 5:19:30 PM
2024.11.23 17:19:31 INFO  time: ran 'sbt bloopInstall' in 54s
2024.11.23 17:19:31 INFO  Disconnecting from Bloop session...
2024.11.23 17:19:31 INFO  Shut down connection with build server.
2024.11.23 17:19:31 INFO  Shut down connection with build server.
2024.11.23 17:19:31 INFO  Attempting to connect to the build server...
2024.11.23 17:19:31 INFO  Found a Bloop server running
2024.11.23 17:19:31 INFO  tracing is disabled for protocol BSP, to enable tracing of incoming and outgoing JSON messages create an empty file at H:\Desktop\Scala\twitter_project\.metals\bsp.trace.json or C:\Users\CYTech Student\AppData\Local\scalameta\metals\cache\bsp.trace.json
2024.11.23 17:19:31 INFO  Attempting to connect to the build server...
2024.11.23 17:19:31 INFO  Found a Bloop server running
2024.11.23 17:19:31 INFO  tracing is disabled for protocol BSP, to enable tracing of incoming and outgoing JSON messages create an empty file at H:\Desktop\Scala\twitter_project\project\.metals\bsp.trace.json or C:\Users\CYTech Student\AppData\Local\scalameta\metals\cache\bsp.trace.json
2024.11.23 17:19:32 INFO  time: Connected to build server in 1.33s
2024.11.23 17:19:32 INFO  Connected to Build server: Bloop v2.0.5
2024.11.23 17:19:31 INFO  time: Imported build in 0.24s
2024.11.23 17:19:31 INFO  running doctor check
2024.11.23 17:19:31 INFO  java targets: twitter_project-build, twitter_project, twitter_project-test
2024.11.23 17:19:44 INFO  time: indexed workspace in 12s
2024.11.23 17:24:19 INFO  compiling twitter_project (1 scala source)
2024.11.23 17:24:21 INFO  Deduplicating compilation of twitter_project from bsp client 'Metals 1.4.1' (since 4m 49.296s)
2024.11.23 17:24:21 INFO  compiling twitter_project (1 scala source)
2024.11.23 17:24:23 WARN  1 deprecation (since 2.13.0)
2024.11.23 17:24:23 WARN  1 deprecation (since 2.13.3)
2024.11.23 17:24:23 WARN  1 deprecation (since Spark 3.4.0)
2024.11.23 17:24:23 WARN  3 deprecations in total; re-run with -deprecation for details
2024.11.23 17:24:23 WARN  1 deprecation (since 2.13.0)
2024.11.23 17:24:23 WARN  1 deprecation (since 2.13.3)
2024.11.23 17:24:23 WARN  1 deprecation (since Spark 3.4.0)
2024.11.23 17:24:23 WARN  3 deprecations in total; re-run with -deprecation for details
2024.11.23 17:24:23 INFO  time: compiled twitter_project in 2.37s
2024.11.23 17:26:50 INFO  compiling twitter_project (1 scala source)
2024.11.23 17:26:52 WARN  1 deprecation (since 2.13.0)
2024.11.23 17:26:52 WARN  1 deprecation (since 2.13.3)
2024.11.23 17:26:52 WARN  1 deprecation (since Spark 3.4.0)
2024.11.23 17:26:52 WARN  3 deprecations in total; re-run with -deprecation for details
2024.11.23 17:26:52 INFO  time: compiled twitter_project in 2.4s
Nov 23, 2024 5:27:53 PM org.eclipse.lsp4j.jsonrpc.RemoteEndpoint handleCancellation
WARNING: Unmatched cancel notification for request id 168
2024.11.23 17:27:53 INFO  compiling twitter_project (1 scala source)
2024.11.23 17:27:56 WARN  1 deprecation (since 2.13.0)
2024.11.23 17:27:56 WARN  1 deprecation (since 2.13.3)
2024.11.23 17:27:56 WARN  1 deprecation (since Spark 3.4.0)
2024.11.23 17:27:56 WARN  3 deprecations in total; re-run with -deprecation for details
2024.11.23 17:27:56 INFO  time: compiled twitter_project in 3.17s
2024.11.23 17:33:20 INFO  running 'C:\Users\CYTech Student\AppData\Local\Coursier\cache\arc\https\github.com\adoptium\temurin17-binaries\releases\download\jdk-17%252B35\OpenJDK17-jdk_x64_windows_hotspot_17_35.zip\jdk-17+35\bin\java.exe -Djline.terminal=jline.UnsupportedTerminal -Dsbt.log.noformat=true -Dfile.encoding=UTF-8 -jar C:\Users\CYTECH~1\AppData\Local\Temp\metals15661789085765805044\sbt-launch.jar -Dbloop.export-jar-classifiers=sources bloopInstall'
2024.11.23 17:33:23 INFO  [info] welcome to sbt 1.10.5 (Eclipse Adoptium Java 17)
2024.11.23 17:33:25 INFO  [info] loading settings for project twitter_project-build-build from metals.sbt ...
2024.11.23 17:33:26 INFO  [info] loading project definition from H:\Desktop\Scala\twitter_project\project\project
2024.11.23 17:33:28 INFO  [info] loading settings for project twitter_project-build from metals.sbt ...
2024.11.23 17:33:28 INFO  [info] loading project definition from H:\Desktop\Scala\twitter_project\project
2024.11.23 17:33:32 INFO  [success] Generated .bloop\twitter_project-build.json
2024.11.23 17:33:32 INFO  [success] Total time: 4 s, completed Nov 23, 2024, 5:33:33 PM
2024.11.23 17:33:36 INFO  [info] loading settings for project twitter_project from build.sbt ...
2024.11.23 17:33:36 INFO  [info] set current project to Twitter-Project (in build file:/H:/Desktop/Scala/twitter_project/)
2024.11.23 17:34:01 INFO  [success] Generated .bloop\twitter_project.json
2024.11.23 17:34:01 INFO  [success] Generated .bloop\twitter_project-test.json
2024.11.23 17:34:01 INFO  [success] Total time: 25 s, completed Nov 23, 2024, 5:34:02 PM
2024.11.23 17:34:02 INFO  time: ran 'sbt bloopInstall' in 41s
2024.11.23 17:34:02 INFO  Disconnecting from Bloop session...
2024.11.23 17:34:02 INFO  Shut down connection with build server.
2024.11.23 17:34:02 INFO  Shut down connection with build server.
2024.11.23 17:34:02 INFO  Attempting to connect to the build server...
2024.11.23 17:34:02 INFO  Found a Bloop server running
2024.11.23 17:34:03 INFO  tracing is disabled for protocol BSP, to enable tracing of incoming and outgoing JSON messages create an empty file at H:\Desktop\Scala\twitter_project\.metals\bsp.trace.json or C:\Users\CYTech Student\AppData\Local\scalameta\metals\cache\bsp.trace.json
2024.11.23 17:34:03 INFO  Attempting to connect to the build server...
2024.11.23 17:34:03 INFO  Found a Bloop server running
2024.11.23 17:34:03 INFO  tracing is disabled for protocol BSP, to enable tracing of incoming and outgoing JSON messages create an empty file at H:\Desktop\Scala\twitter_project\project\.metals\bsp.trace.json or C:\Users\CYTech Student\AppData\Local\scalameta\metals\cache\bsp.trace.json
2024.11.23 17:34:03 INFO  time: Connected to build server in 1.61s
2024.11.23 17:34:03 INFO  Connected to Build server: Bloop v2.0.5
2024.11.23 17:34:04 INFO  time: Imported build in 0.22s
2024.11.23 17:34:04 INFO  running doctor check
2024.11.23 17:34:04 INFO  java targets: twitter_project-build, twitter_project, twitter_project-test
2024.11.23 17:34:29 INFO  time: indexed workspace in 25s
2024.11.23 17:35:19 INFO  compiling twitter_project (1 scala source)
2024.11.23 17:35:22 WARN  1 deprecation (since 2.13.0)
2024.11.23 17:35:22 WARN  1 deprecation (since 2.13.3)
2024.11.23 17:35:22 WARN  1 deprecation (since Spark 3.4.0)
2024.11.23 17:35:22 WARN  3 deprecations in total; re-run with -deprecation for details
2024.11.23 17:35:22 INFO  time: compiled twitter_project in 3.08s
2024.11.23 17:35:27 INFO  compiling twitter_project (1 scala source)
2024.11.23 17:35:28 INFO  time: compiled twitter_project in 1.03s
2024.11.23 17:35:30 WARN  Could not find 'StructType' using presentation compiler nor semanticdb. Trying to guess the definition using available information from local class context. 
2024.11.23 17:35:31 INFO  compiling twitter_project (1 scala source)
2024.11.23 17:35:31 INFO  time: compiled twitter_project in 0.69s
2024.11.23 17:35:44 INFO  compiling twitter_project (1 scala source)
2024.11.23 17:35:44 INFO  time: compiled twitter_project in 0.31s
2024.11.23 17:38:14 INFO  compiling twitter_project (1 scala source)
2024.11.23 17:38:14 INFO  time: compiled twitter_project in 0.77s
2024.11.23 17:38:21 INFO  skipping build import with status 'Installed'
2024.11.23 17:38:21 INFO  Disconnecting from Bloop session...
2024.11.23 17:38:21 INFO  Shut down connection with build server.
2024.11.23 17:38:21 INFO  Shut down connection with build server.
2024.11.23 17:38:21 INFO  Attempting to connect to the build server...
2024.11.23 17:38:21 INFO  Scala test classes not supported by server
2024.11.23 17:38:21 INFO  Found a Bloop server running
2024.11.23 17:38:21 INFO  no build target found for H:\Desktop\Scala\twitter_project\build.sbt. Using presentation compiler with project's scala-library version: 2.13.12
2024.11.23 17:38:21 INFO  tracing is disabled for protocol BSP, to enable tracing of incoming and outgoing JSON messages create an empty file at H:\Desktop\Scala\twitter_project\.metals\bsp.trace.json or C:\Users\CYTech Student\AppData\Local\scalameta\metals\cache\bsp.trace.json
2024.11.23 17:38:21 INFO  Attempting to connect to the build server...
2024.11.23 17:38:21 INFO  Found a Bloop server running
2024.11.23 17:38:23 INFO  tracing is disabled for protocol BSP, to enable tracing of incoming and outgoing JSON messages create an empty file at H:\Desktop\Scala\twitter_project\project\.metals\bsp.trace.json or C:\Users\CYTech Student\AppData\Local\scalameta\metals\cache\bsp.trace.json
2024.11.23 17:38:23 INFO  time: Connected to build server in 1.69s
2024.11.23 17:38:23 INFO  Connected to Build server: Bloop v2.0.5
2024.11.23 17:38:23 INFO  time: Imported build in 0.23s
2024.11.23 17:38:23 INFO  running doctor check
2024.11.23 17:38:23 INFO  java targets: twitter_project-build, twitter_project, twitter_project-test
Nov 23, 2024 5:38:27 PM org.eclipse.lsp4j.jsonrpc.RemoteEndpoint handleCancellation
WARNING: Unmatched cancel notification for request id 463
2024.11.23 17:38:27 INFO  compiling twitter_project (1 scala source)
2024.11.23 17:38:28 INFO  time: compiled twitter_project in 1.17s
2024.11.23 17:38:28 INFO  compiling twitter_project (1 scala source)
2024.11.23 17:38:30 INFO  time: compiled twitter_project in 1.16s
2024.11.23 17:38:31 INFO  time: indexed workspace in 7.78s
2024.11.23 17:38:31 INFO  compiling twitter_project (1 scala source)
2024.11.23 17:38:31 INFO  time: compiled twitter_project in 0.95s
2024.11.23 17:40:02 INFO  compiling twitter_project (1 scala source)
2024.11.23 17:40:04 INFO  time: compiled twitter_project in 1.54s
2024.11.23 17:40:07 INFO  compiling twitter_project (1 scala source)
2024.11.23 17:40:09 INFO  time: compiled twitter_project in 1.75s
2024.11.23 17:40:17 INFO  compiling twitter_project (1 scala source)
2024.11.23 17:40:17 INFO  time: compiled twitter_project in 0.86s
Nov 23, 2024 5:41:28 PM org.eclipse.lsp4j.jsonrpc.RemoteEndpoint handleCancellation
WARNING: Unmatched cancel notification for request id 536
2024.11.23 17:41:44 INFO  compiling twitter_project (1 scala source)
2024.11.23 17:41:44 INFO  time: compiled twitter_project in 0.77s
2024.11.23 17:41:48 INFO  compiling twitter_project (1 scala source)
2024.11.23 17:41:50 WARN  1 deprecation (since 2.13.0)
2024.11.23 17:41:50 WARN  1 deprecation (since 2.13.3)
2024.11.23 17:41:50 WARN  1 deprecation (since Spark 3.4.0)
2024.11.23 17:41:50 WARN  3 deprecations in total; re-run with -deprecation for details
2024.11.23 17:41:50 INFO  time: compiled twitter_project in 2.37s
2024.11.23 17:42:46 INFO  compiling twitter_project (1 scala source)
2024.11.23 17:42:49 WARN  1 deprecation (since 2.13.0)
2024.11.23 17:42:49 WARN  1 deprecation (since 2.13.3)
2024.11.23 17:42:49 WARN  1 deprecation (since Spark 3.4.0)
2024.11.23 17:42:49 WARN  3 deprecations in total; re-run with -deprecation for details
2024.11.23 17:42:49 INFO  time: compiled twitter_project in 3.23s
2024.11.23 17:42:55 INFO  compiling twitter_project (1 scala source)
2024.11.23 17:42:58 WARN  1 deprecation (since 2.13.0)
2024.11.23 17:42:58 WARN  1 deprecation (since 2.13.3)
2024.11.23 17:42:58 WARN  1 deprecation (since Spark 3.4.0)
2024.11.23 17:42:58 WARN  3 deprecations in total; re-run with -deprecation for details
2024.11.23 17:42:58 INFO  time: compiled twitter_project in 3.5s
Nov 23, 2024 5:51:13 PM org.eclipse.lsp4j.jsonrpc.services.GenericEndpoint notify
INFO: Unsupported notification method: $/setTrace
2024.11.23 17:54:39 INFO  compiling twitter_project (1 scala source)
2024.11.23 17:54:40 WARN  1 deprecation (since 2.13.0)
2024.11.23 17:54:40 WARN  1 deprecation (since Spark 3.4.0)
2024.11.23 17:54:40 WARN  2 deprecations in total; re-run with -deprecation for details
2024.11.23 17:54:40 INFO  time: compiled twitter_project in 1.26s
Nov 23, 2024 5:54:48 PM org.eclipse.lsp4j.jsonrpc.RemoteEndpoint handleCancellation
WARNING: Unmatched cancel notification for request id 751
2024.11.23 17:56:49 INFO  compiling twitter_project (1 scala source)
2024.11.23 17:56:50 WARN  1 deprecation (since 2.13.0)
2024.11.23 17:56:50 WARN  1 deprecation (since Spark 3.4.0)
2024.11.23 17:56:50 WARN  2 deprecations in total; re-run with -deprecation for details
2024.11.23 17:56:50 INFO  time: compiled twitter_project in 1.21s
Nov 23, 2024 5:59:35 PM org.eclipse.lsp4j.jsonrpc.RemoteEndpoint handleCancellation
WARNING: Unmatched cancel notification for request id 1105
2024.11.23 17:59:37 INFO  compiling twitter_project (1 scala source)
2024.11.23 17:59:38 WARN  1 deprecation (since 2.13.0)
2024.11.23 17:59:38 WARN  1 deprecation (since Spark 3.4.0)
2024.11.23 17:59:38 WARN  2 deprecations in total; re-run with -deprecation for details
2024.11.23 17:59:38 INFO  time: compiled twitter_project in 1.3s
2024.11.23 18:03:12 INFO  compiling twitter_project (1 scala source)
2024.11.23 18:03:13 WARN  1 deprecation (since 2.13.0)
2024.11.23 18:03:13 WARN  1 deprecation (since Spark 3.4.0)
2024.11.23 18:03:13 WARN  2 deprecations in total; re-run with -deprecation for details
2024.11.23 18:03:13 INFO  time: compiled twitter_project in 1.3s
2024.11.23 18:03:18 INFO  compiling twitter_project (1 scala source)
2024.11.23 18:03:18 WARN  1 deprecation (since 2.13.0)
2024.11.23 18:03:18 WARN  1 deprecation (since Spark 3.4.0)
2024.11.23 18:03:18 WARN  2 deprecations in total; re-run with -deprecation for details
2024.11.23 18:03:19 INFO  time: compiled twitter_project in 1.06s
2024.11.23 18:11:01 INFO  Shutting down server
2024.11.23 18:11:01 INFO  shutting down Metals
2024.11.23 18:11:01 INFO  Shut down connection with build server.
2024.11.23 18:11:01 INFO  Shut down connection with build server.
2024.11.23 18:11:01 INFO  Exiting server
2024.11.25 14:24:50 INFO  Started: Metals version 1.4.1 in folders 'H:\Desktop\Scala\twitter_project' for client Visual Studio Code 1.95.3.
2024.11.25 14:24:52 WARN  Flyway upgrade recommended: H2 2.3.232 is newer than this version of Flyway and support has not been tested. The latest supported version of H2 is 2.2.224.
2024.11.25 14:24:52 INFO  no build target found for H:\Desktop\Scala\twitter_project\src\main\scala\Main.scala. Using presentation compiler with project's scala-library version: 3.3.4
2024.11.25 14:24:57 INFO  no build target found for H:\Desktop\Scala\twitter_project\src\main\scala\Main.scala. Using presentation compiler with project's scala-library version: 3.3.4
2024.11.25 14:24:57 INFO  Attempting to connect to the build server...
2024.11.25 14:24:57 INFO  Found a Bloop server running
2024.11.25 14:24:57 INFO  tracing is disabled for protocol BSP, to enable tracing of incoming and outgoing JSON messages create an empty file at H:\Desktop\Scala\twitter_project\.metals\bsp.trace.json or C:\Users\CYTech Student\AppData\Local\scalameta\metals\cache\bsp.trace.json
2024.11.25 14:24:58 INFO  Attempting to connect to the build server...
2024.11.25 14:24:58 INFO  Found a Bloop server running
2024.11.25 14:24:58 INFO  tracing is disabled for protocol BSP, to enable tracing of incoming and outgoing JSON messages create an empty file at H:\Desktop\Scala\twitter_project\project\.metals\bsp.trace.json or C:\Users\CYTech Student\AppData\Local\scalameta\metals\cache\bsp.trace.json
2024.11.25 14:24:59 INFO  time: Connected to build server in 1.81s
2024.11.25 14:24:59 INFO  Connected to Build server: Bloop v2.0.5
2024.11.25 14:25:00 INFO  time: Imported build in 0.54s
2024.11.25 14:25:00 INFO  running doctor check
2024.11.25 14:25:00 INFO  java targets: twitter_project-build, twitter_project, twitter_project-test
2024.11.25 14:25:25 WARN  Flyway upgrade recommended: H2 2.3.232 is newer than this version of Flyway and support has not been tested. The latest supported version of H2 is 2.2.224.
2024.11.25 14:26:16 INFO  time: indexed workspace in 1m16s
2024.11.25 14:36:19 INFO  compiling twitter_project (1 scala source)
2024.11.25 14:36:22 WARN  1 deprecation (since 2.13.0)
2024.11.25 14:36:22 WARN  1 deprecation (since Spark 3.4.0)
2024.11.25 14:36:22 WARN  2 deprecations in total; re-run with -deprecation for details
2024.11.25 14:36:22 INFO  time: compiled twitter_project in 3.15s
2024.11.25 14:36:26 INFO  compiling twitter_project (1 scala source)
2024.11.25 14:36:29 WARN  1 deprecation (since 2.13.0)
2024.11.25 14:36:29 WARN  1 deprecation (since Spark 3.4.0)
2024.11.25 14:36:29 WARN  2 deprecations in total; re-run with -deprecation for details
2024.11.25 14:36:29 INFO  time: compiled twitter_project in 2.48s
2024.11.25 14:43:18 INFO  compiling twitter_project (1 scala source)
2024.11.25 14:43:18 INFO  time: compiled twitter_project in 0.55s
2024.11.25 14:43:33 INFO  compiling twitter_project (1 scala source)
2024.11.25 14:43:33 INFO  time: compiled twitter_project in 0.73s
Nov 25, 2024 2:43:40 PM org.eclipse.lsp4j.jsonrpc.RemoteEndpoint handleCancellation
WARNING: Unmatched cancel notification for request id 559
Nov 25, 2024 2:44:06 PM scala.meta.internal.pc.CompilerAccess retryWithCleanCompiler
INFO: compiler crashed due to an error in the Scala compiler, retrying with new compiler instance.
Nov 25, 2024 2:45:35 PM scala.meta.internal.pc.CompilerAccess retryWithCleanCompiler
INFO: compiler crashed due to an error in the Scala compiler, retrying with new compiler instance.
Nov 25, 2024 2:45:41 PM scala.meta.internal.pc.CompilerAccess retryWithCleanCompiler
INFO: compiler crashed due to an error in the Scala compiler, retrying with new compiler instance.
2024.11.25 14:45:42 INFO  compiling twitter_project (1 scala source)
2024.11.25 14:45:44 WARN  1 deprecation (since 2.13.0)
2024.11.25 14:45:44 WARN  1 deprecation (since Spark 3.4.0)
2024.11.25 14:45:44 WARN  2 deprecations in total; re-run with -deprecation for details
2024.11.25 14:45:44 INFO  time: compiled twitter_project in 1.68s
2024.11.25 14:59:27 INFO  compiling twitter_project (1 scala source)
2024.11.25 14:59:27 INFO  time: compiled twitter_project in 0.27s
2024.11.25 15:01:33 INFO  compiling twitter_project (1 scala source)
2024.11.25 15:01:33 INFO  time: compiled twitter_project in 0.54s
2024.11.25 15:02:04 INFO  compiling twitter_project (1 scala source)
2024.11.25 15:02:06 WARN  1 deprecation (since 2.13.0)
2024.11.25 15:02:06 WARN  1 deprecation (since Spark 3.4.0)
2024.11.25 15:02:06 WARN  2 deprecations in total; re-run with -deprecation for details
2024.11.25 15:02:06 INFO  time: compiled twitter_project in 2.73s
Nov 25, 2024 3:02:56 PM org.eclipse.lsp4j.jsonrpc.RemoteEndpoint handleCancellation
WARNING: Unmatched cancel notification for request id 1067
2024.11.25 15:02:59 INFO  time: code lens generation in 3.11s
Nov 25, 2024 3:07:34 PM org.eclipse.lsp4j.jsonrpc.RemoteEndpoint handleCancellation
WARNING: Unmatched cancel notification for request id 1155
Nov 25, 2024 3:07:38 PM org.eclipse.lsp4j.jsonrpc.RemoteEndpoint handleCancellation
WARNING: Unmatched cancel notification for request id 1202
2024.11.25 15:13:45 INFO  compiling twitter_project (1 scala source)
2024.11.25 15:13:49 WARN  1 deprecation (since 2.13.0)
2024.11.25 15:13:49 WARN  1 deprecation (since Spark 3.4.0)
2024.11.25 15:13:49 WARN  2 deprecations in total; re-run with -deprecation for details
2024.11.25 15:13:49 INFO  time: compiled twitter_project in 3.45s
Nov 25, 2024 3:16:21 PM org.eclipse.lsp4j.jsonrpc.RemoteEndpoint handleCancellation
WARNING: Unmatched cancel notification for request id 1440
2024.11.25 15:16:23 INFO  compiling twitter_project (1 scala source)
2024.11.25 15:16:25 WARN  1 deprecation (since 2.13.0)
2024.11.25 15:16:25 WARN  1 deprecation (since Spark 3.4.0)
2024.11.25 15:16:25 WARN  2 deprecations in total; re-run with -deprecation for details
2024.11.25 15:16:25 INFO  time: compiled twitter_project in 1.57s
2024.11.25 15:22:16 INFO  compiling twitter_project (1 scala source)
2024.11.25 15:22:19 WARN  1 deprecation (since 2.13.0)
2024.11.25 15:22:19 WARN  1 deprecation (since Spark 3.4.0)
2024.11.25 15:22:19 WARN  2 deprecations in total; re-run with -deprecation for details
2024.11.25 15:22:19 INFO  time: compiled twitter_project in 2.83s
Nov 25, 2024 3:23:49 PM org.eclipse.lsp4j.jsonrpc.RemoteEndpoint handleCancellation
WARNING: Unmatched cancel notification for request id 1672
2024.11.25 15:24:16 INFO  compiling twitter_project (1 scala source)
2024.11.25 15:24:18 WARN  1 deprecation (since 2.13.0)
2024.11.25 15:24:18 WARN  1 deprecation (since Spark 3.4.0)
2024.11.25 15:24:18 WARN  2 deprecations in total; re-run with -deprecation for details
2024.11.25 15:24:18 INFO  time: compiled twitter_project in 1.62s
Nov 25, 2024 3:24:34 PM org.eclipse.lsp4j.jsonrpc.RemoteEndpoint handleCancellation
WARNING: Unmatched cancel notification for request id 1843
2024.11.25 15:24:34 INFO  compiling twitter_project (1 scala source)
2024.11.25 15:24:37 WARN  1 deprecation (since 2.13.0)
2024.11.25 15:24:37 WARN  1 deprecation (since Spark 3.4.0)
2024.11.25 15:24:37 WARN  2 deprecations in total; re-run with -deprecation for details
2024.11.25 15:24:37 INFO  time: compiled twitter_project in 2.45s
2024.11.25 15:25:07 INFO  compiling twitter_project (1 scala source)
2024.11.25 15:25:09 WARN  1 deprecation (since 2.13.0)
2024.11.25 15:25:09 WARN  1 deprecation (since Spark 3.4.0)
2024.11.25 15:25:09 WARN  2 deprecations in total; re-run with -deprecation for details
2024.11.25 15:25:09 INFO  time: compiled twitter_project in 2.33s
2024.11.25 15:26:21 INFO  compiling twitter_project (1 scala source)
2024.11.25 15:26:23 WARN  1 deprecation (since 2.13.0)
2024.11.25 15:26:23 WARN  1 deprecation (since 2.13.3)
2024.11.25 15:26:23 WARN  1 deprecation (since Spark 3.4.0)
2024.11.25 15:26:23 WARN  3 deprecations in total; re-run with -deprecation for details
2024.11.25 15:26:23 INFO  time: compiled twitter_project in 2.65s
Nov 25, 2024 3:26:38 PM org.eclipse.lsp4j.jsonrpc.RemoteEndpoint handleCancellation
WARNING: Unmatched cancel notification for request id 1979
2024.11.25 15:29:03 INFO  compiling twitter_project (1 scala source)
2024.11.25 15:29:04 WARN  1 deprecation (since 2.13.0)
2024.11.25 15:29:04 WARN  1 deprecation (since 2.13.3)
2024.11.25 15:29:04 WARN  1 deprecation (since Spark 3.4.0)
2024.11.25 15:29:04 WARN  3 deprecations in total; re-run with -deprecation for details
2024.11.25 15:29:04 INFO  time: compiled twitter_project in 1.3s
2024.11.25 15:29:20 INFO  compiling twitter_project (1 scala source)
2024.11.25 15:29:21 WARN  1 deprecation (since 2.13.0)
2024.11.25 15:29:21 WARN  1 deprecation (since 2.13.3)
2024.11.25 15:29:21 WARN  1 deprecation (since Spark 3.4.0)
2024.11.25 15:29:21 WARN  3 deprecations in total; re-run with -deprecation for details
2024.11.25 15:29:21 INFO  time: compiled twitter_project in 1.23s
2024.11.25 15:29:24 INFO  compiling twitter_project (1 scala source)
2024.11.25 15:29:24 WARN  Could not load snapshot text for H:\Desktop\Scala\twitter_project\src\main\scala\Main.scala
2024.11.25 15:29:24 INFO  time: compiled twitter_project in 0.28s
2024.11.25 15:29:24 WARN  Could not load snapshot text for H:\Desktop\Scala\twitter_project\src\main\scala\Main.scala
2024.11.25 15:29:35 INFO  compiling twitter_project (1 scala source)
2024.11.25 15:29:36 WARN  1 deprecation (since 2.13.0)
2024.11.25 15:29:36 WARN  1 deprecation (since Spark 3.4.0)
2024.11.25 15:29:36 WARN  2 deprecations in total; re-run with -deprecation for details
2024.11.25 15:29:36 INFO  time: compiled twitter_project in 1.2s
2024.11.25 15:30:11 INFO  compiling twitter_project (1 scala source)
2024.11.25 15:30:12 WARN  1 deprecation (since 2.13.0)
2024.11.25 15:30:12 WARN  1 deprecation (since Spark 3.4.0)
2024.11.25 15:30:12 WARN  2 deprecations in total; re-run with -deprecation for details
2024.11.25 15:30:12 INFO  time: compiled twitter_project in 1.24s
Nov 25, 2024 3:32:28 PM org.eclipse.lsp4j.jsonrpc.RemoteEndpoint handleCancellation
WARNING: Unmatched cancel notification for request id 2611
2024.11.25 15:32:34 INFO  compiling twitter_project (1 scala source)
2024.11.25 15:32:37 WARN  1 deprecation (since 2.13.0)
2024.11.25 15:32:37 WARN  1 deprecation (since Spark 3.4.0)
2024.11.25 15:32:37 WARN  2 deprecations in total; re-run with -deprecation for details
2024.11.25 15:32:37 INFO  time: compiled twitter_project in 2.93s
Nov 25, 2024 3:38:00 PM org.eclipse.lsp4j.jsonrpc.RemoteEndpoint handleCancellation
WARNING: Unmatched cancel notification for request id 2692
2024.11.25 15:45:21 INFO  Shutting down server
2024.11.25 15:45:21 INFO  shutting down Metals
2024.11.25 15:45:21 INFO  Shut down connection with build server.
2024.11.25 15:45:21 INFO  Shut down connection with build server.
2024.11.25 15:45:22 INFO  Exiting server
